<?xml version="1.0" encoding="UTF-8"?>
<testng-results ignored="0" total="1" passed="1" failed="0" skipped="0">
  <reporter-output>
  </reporter-output>
  <suite started-at="2024-02-13T21:14:33 IST" name="Default suite" finished-at="2024-02-13T21:14:42 IST" duration-ms="8692">
    <groups>
    </groups>
    <test started-at="2024-02-13T21:14:33 IST" name="Default test" finished-at="2024-02-13T21:14:42 IST" duration-ms="8692">
      <class name="testng.FileUploadingTest">
        <test-method signature="FileUpload()[pri:0, instance:testng.FileUploadingTest@534a5a98]" started-at="2024-02-13T21:14:33 IST" name="FileUpload" finished-at="2024-02-13T21:14:42 IST" duration-ms="8570" status="PASS">
          <reporter-output>
          </reporter-output>
        </test-method> <!-- FileUpload -->
      </class> <!-- testng.FileUploadingTest -->
    </test> <!-- Default test -->
  </suite> <!-- Default suite -->
</testng-results>
